0 info it worked if it ends with ok
<<<<<<< HEAD
1 verbose cli [ '/usr/bin/nodejs', '/usr/bin/npm', 'run', 'dist' ]
2 info using npm@3.5.2
3 info using node@v4.2.6
4 verbose stack Error: missing script: dist
4 verbose stack     at run (/usr/share/npm/lib/run-script.js:147:19)
4 verbose stack     at /usr/share/npm/lib/run-script.js:57:5
4 verbose stack     at /usr/share/npm/node_modules/read-package-json/read-json.js:345:5
4 verbose stack     at checkBinReferences_ (/usr/share/npm/node_modules/read-package-json/read-json.js:309:45)
4 verbose stack     at final (/usr/share/npm/node_modules/read-package-json/read-json.js:343:3)
4 verbose stack     at then (/usr/share/npm/node_modules/read-package-json/read-json.js:113:5)
4 verbose stack     at /usr/share/npm/node_modules/read-package-json/read-json.js:300:12
4 verbose stack     at /usr/share/npm/node_modules/graceful-fs/graceful-fs.js:76:16
4 verbose stack     at FSReqWrap.readFileAfterClose [as oncomplete] (fs.js:380:3)
5 verbose cwd /home/djodjonx/Documents/GifMeImFamous
6 error Linux 4.8.0-41-generic
7 error argv "/usr/bin/nodejs" "/usr/bin/npm" "run" "dist"
8 error node v4.2.6
9 error npm  v3.5.2
10 error missing script: dist
11 error If you need help, you may report this error at:
11 error     <https://github.com/npm/npm/issues>
12 verbose exit [ 1, true ]
=======
1 verbose cli [ '/usr/bin/nodejs', '/usr/bin/npm', 'start' ]
2 info using npm@3.5.2
3 info using node@v4.2.6
4 verbose run-script [ 'prestart', 'start', 'poststart' ]
5 info lifecycle mean-lineman@1.0.0~prestart: mean-lineman@1.0.0
6 silly lifecycle mean-lineman@1.0.0~prestart: no script for prestart, continuing
7 info lifecycle mean-lineman@1.0.0~start: mean-lineman@1.0.0
8 verbose lifecycle mean-lineman@1.0.0~start: unsafe-perm in lifecycle true
9 verbose lifecycle mean-lineman@1.0.0~start: PATH: /usr/share/npm/bin/node-gyp-bin:/home/djodjonx/Documents/GifMeImFamous2/node_modules/.bin:/usr/bin/robomongo/bin:/home/djodjonx/bin:/home/djodjonx/.local/bin:/usr/local/sbin:/usr/local/bin:/usr/sbin:/usr/bin:/sbin:/bin:/usr/games:/usr/local/games:/snap/bin
10 verbose lifecycle mean-lineman@1.0.0~start: CWD: /home/djodjonx/Documents/GifMeImFamous2
11 silly lifecycle mean-lineman@1.0.0~start: Args: [ '-c', 'lineman run' ]
12 silly lifecycle mean-lineman@1.0.0~start: Returned: code: 3  signal: null
13 info lifecycle mean-lineman@1.0.0~start: Failed to exec start script
14 verbose stack Error: mean-lineman@1.0.0 start: `lineman run`
14 verbose stack Exit status 3
14 verbose stack     at EventEmitter.<anonymous> (/usr/share/npm/lib/utils/lifecycle.js:232:16)
14 verbose stack     at emitTwo (events.js:87:13)
14 verbose stack     at EventEmitter.emit (events.js:172:7)
14 verbose stack     at ChildProcess.<anonymous> (/usr/share/npm/lib/utils/spawn.js:24:14)
14 verbose stack     at emitTwo (events.js:87:13)
14 verbose stack     at ChildProcess.emit (events.js:172:7)
14 verbose stack     at maybeClose (internal/child_process.js:821:16)
14 verbose stack     at Process.ChildProcess._handle.onexit (internal/child_process.js:211:5)
15 verbose pkgid mean-lineman@1.0.0
16 verbose cwd /home/djodjonx/Documents/GifMeImFamous2
17 error Linux 4.8.0-44-generic
18 error argv "/usr/bin/nodejs" "/usr/bin/npm" "start"
19 error node v4.2.6
20 error npm  v3.5.2
21 error code ELIFECYCLE
22 error mean-lineman@1.0.0 start: `lineman run`
22 error Exit status 3
23 error Failed at the mean-lineman@1.0.0 start script 'lineman run'.
23 error Make sure you have the latest version of node.js and npm installed.
23 error If you do, this is most likely a problem with the mean-lineman package,
23 error not with npm itself.
23 error Tell the author that this fails on your system:
23 error     lineman run
23 error You can get information on how to open an issue for this project with:
23 error     npm bugs mean-lineman
23 error Or if that isn't available, you can get their info via:
23 error     npm owner ls mean-lineman
23 error There is likely additional logging output above.
24 verbose exit [ 1, true ]
>>>>>>> c96239eb1a8c7099e2bea3afa12f3cb26c03c551
